793 0.153351 0.135414 0.00402666
855 0.133636 0.0441582 0.00550242
856 0.0889982 0.0820349 0.00512326
857 0.048271 0.124278 0.00543984
919 0.0182409 0.0262813 0.00500761
727 0.318615 0.118059 0.00310445
728 0.280789 0.137079 0.00311724
729 0.244953 0.159844 0.00313007
789 0.324476 0.0339399 0.00368663
790 0.278263 0.0526596 0.00467264
791 0.23404 0.0759597 0.00404039
792 0.192258 0.10363 0.00401147
854 0.18172 0.011006 0.00368989
660 0.490747 0.151643 0.00232464
661 0.455883 0.153259 0.00233519
662 0.421249 0.158364 0.00234577
723 0.48187 0.08221 0.00305361
724 0.440085 0.0849615 0.00306627
725 0.398671 0.0918914 0.00307896
726 0.358043 0.102953 0.00309168
786 0.470273 0.00665801 0.002136
787 0.420969 0.0108481 0.00236099
788 0.372206 0.0199642 0.00286252
658 0.559776 0.158826 0.00230363
659 0.525494 0.153512 0.00231412
719 0.644385 0.112454 0.00300333
720 0.605266 0.0988618 0.00301585
721 0.564873 0.0892181 0.0030284
722 0.523604 0.0836413 0.00304099
782 0.663064 0.0387564 0.00389904
783 0.616499 0.0235653 0.0030139
784 0.568527 0.0130736 0.00245187
785 0.519623 0.00741072 0.00216631
717 0.717286 0.150814 0.0029784
718 0.681847 0.129836 0.00299085
778 0.826443 0.142353 0.00380291
779 0.789851 0.110551 0.00381756
780 0.750164 0.0824901 0.00383225
781 0.707764 0.0584713 0.00436583
842 0.830931 0.0393828 0.0047763
843 0.783966 0.00747828 0.00317292
839 0.949055 0.160187 0.00555452
840 0.913871 0.11614 0.00484058
841 0.874371 0.0757315 0.00480135
903 0.970754 0.0484231 0.0060756
904 0.924258 0.00258231 0.00313504
732 0.152983 0.24835 0.00316878
733 0.128581 0.283661 0.00318175
734 0.10777 0.321335 0.00319476
794 0.117723 0.171014 0.00404188
795 0.0857471 0.210093 0.00405714
796 0.0577638 0.252275 0.00460906
797 0.0340735 0.297154 0.00387303
858 0.0118811 0.170485 0.00370932
604 0.309818 0.27862 0.00178325
605 0.287967 0.298046 0.00179209
606 0.2681 0.319628 0.00180096
665 0.322205 0.194142 0.00237771
666 0.291934 0.212557 0.00238842
667 0.263569 0.233968 0.00239917
668 0.237406 0.258177 0.00240994
669 0.21372 0.284959 0.00242075
670 0.192766 0.314059 0.00243159
730 0.211479 0.186146 0.00314294
731 0.180714 0.215741 0.00315584
472 0.486448 0.322289 0.000853912
473 0.468642 0.323785 0.000859319
474 0.451 0.327067 0.000864749
475 0.433701 0.332117 0.000870202
535 0.478753 0.272008 0.00124109
536 0.455933 0.274427 0.00124803
537 0.433386 0.279132 0.001255
538 0.411339 0.286091 0.00126199
539 0.390019 0.295252 0.00126901
540 0.369646 0.306539 0.00127605
541 0.350431 0.319853 0.00128312
597 0.497223 0.214886 0.00172219
598 0.468668 0.215638 0.00173082
599 0.440237 0.21925 0.00173949
600 0.412215 0.225705 0.00174818
601 0.384887 0.234958 0.00175691
602 0.358532 0.246934 0.00176566
603 0.333422 0.261531 0.00177444
663 0.387196 0.166929 0.00235639
664 0.354068 0.178888 0.00236703
469 0.539069 0.328423 0.000837828
470 0.521838 0.324634 0.000843166
471 0.504239 0.322578 0.000848528
527 0.644333 0.331082 0.00118649
528 0.62723 0.316823 0.00119323
529 0.608718 0.304297 0.00119999
530 0.588972 0.293643 0.00120677
531 0.568183 0.284983 0.00121359
532 0.546551 0.278418 0.00122042
533 0.524289 0.27403 0.00122729
534 0.501614 0.271881 0.00123418
591 0.655522 0.267855 0.00167097
592 0.632014 0.252654 0.00167943
593 0.607022 0.239833 0.00168793
594 0.580786 0.229539 0.00169645
595 0.553561 0.221891 0.001705
596 0.525615 0.216984 0.00171358
655 0.656493 0.194533 0.00227236
656 0.625598 0.17946 0.00228275
657 0.593254 0.167511 0.00229318
588 0.71498 0.325964 0.00164575
589 0.6972 0.304708 0.00165413
590 0.677319 0.28527 0.00166253
650 0.779468 0.309891 0.00222088
651 0.75989 0.282272 0.00223111
652 0.737584 0.256668 0.00224138
653 0.712755 0.233349 0.00225167
654 0.685639 0.212562 0.002262
713 0.832374 0.265631 0.00292896
714 0.808178 0.232872 0.00294127
715 0.780755 0.202609 0.00295361
716 0.750361 0.175159 0.00296599
712 0.853118 0.300545 0.00291668
774 0.935436 0.299783 0.00480234
775 0.914341 0.256685 0.00379976
776 0.888981 0.215804 0.00377372
777 0.859591 0.177561 0.0037883
838 0.979591 0.207414 0.00457311
672 0.159928 0.378078 0.00245337
673 0.148411 0.412378 0.0024643
674 0.140353 0.447761 0.00247527
675 0.135857 0.483879 0.00248628
735 0.0907805 0.361007 0.00320781
736 0.0778023 0.40229 0.00322089
737 0.068988 0.444778 0.00371999
738 0.0644487 0.488051 0.00450358
798 0.0149354 0.344293 0.00271312
799 0.00056459 0.393229 0.0026226
483 0.327718 0.428237 0.000914654
484 0.320674 0.44557 0.000920315
485 0.315375 0.463595 0.000926
486 0.31189 0.482135 0.000931708
542 0.332576 0.335077 0.00129022
543 0.316271 0.352072 0.00129734
544 0.301693 0.370678 0.00130449
545 0.288999 0.390721 0.00131167
546 0.278332 0.41201 0.00131887
547 0.269815 0.434339 0.0013261
548 0.263547 0.457493 0.00133335
549 0.25961 0.481243 0.00134063
607 0.250429 0.343164 0.00180986
608 0.235148 0.368431 0.00181879
609 0.222426 0.395185 0.00182775
610 0.212406 0.423168 0.00183673
611 0.205208 0.452107 0.00184575
612 0.200923 0.481717 0.0018548
671 0.174769 0.345199 0.00244246
32 0.499952 0.499182 7.72203e-07
33 0.499863 0.49914 8.1377e-07
34 0.499764 0.499106 8.56817e-07
35 0.499656 0.499082 9.01298e-07
36 0.499541 0.49907 9.47531e-07
37 0.49942 0.499071 9.95594e-07
38 0.499293 0.499086 1.0455e-06
39 0.499163 0.499117 1.09731e-06
40 0.499031 0.499163 1.15103e-06
41 0.4989 0.499227 1.2064e-06
42 0.49877 0.499308 1.26375e-06
43 0.498645 0.499407 1.32317e-06
44 0.498526 0.499524 1.38471e-06
45 0.498416 0.499659 1.44843e-06
46 0.498318 0.49981 1.51435e-06
47 0.498233 0.499978 1.58256e-06
95 0.499457 0.4928 8.41045e-06
96 0.498715 0.49274 8.64653e-06
97 0.497954 0.492756 8.88724e-06
98 0.497184 0.492851 9.13263e-06
99 0.496413 0.493028 9.3828e-06
100 0.495648 0.493287 9.63776e-06
101 0.494899 0.49363 9.89756e-06
102 0.494175 0.494055 1.01622e-05
103 0.493484 0.494561 1.04318e-05
104 0.492837 0.495146 1.07064e-05
105 0.492241 0.495806 1.09859e-05
106 0.491705 0.496536 1.12706e-05
107 0.491238 0.497332 1.15603e-05
108 0.490847 0.498187 1.18552e-05
109 0.490539 0.499093 1.21554e-05
158 0.498165 0.480113 3.42601e-05
159 0.49614 0.480147 3.48826e-05
160 0.494104 0.480387 3.55128e-05
161 0.492077 0.480836 3.61508e-05
162 0.490081 0.481495 3.67965e-05
163 0.488138 0.482362 3.745e-05
164 0.48627 0.483433 3.81114e-05
165 0.484497 0.484702 3.87808e-05
166 0.482841 0.48616 3.94581e-05
167 0.481322 0.487796 4.01434e-05
168 0.479959 0.489598 4.08368e-05
169 0.478771 0.491551 4.15383e-05
170 0.477772 0.493638 4.22479e-05
171 0.47698 0.495841 4.29658e-05
172 0.476406 0.498138 4.36919e-05
220 0.499657 0.461282 8.92039e-05
221 0.495755 0.461158 9.03939e-05
222 0.491825 0.46143 9.15945e-05
223 0.487907 0.462099 9.28058e-05
224 0.484042 0.463168 9.4028e-05
225 0.480269 0.464631 9.52609e-05
226 0.476631 0.466482 9.65047e-05
227 0.473165 0.468707 9.77594e-05
228 0.469912 0.471291 9.90251e-05
229 0.466908 0.474214 0.000100302
230 0.464188 0.477451 0.00010159
231 0.461786 0.480974 0.000102888
232 0.459731 0.484753 0.000104198
233 0.45805 0.488753 0.00010552
234 0.456768 0.492937 0.000106852
235 0.455905 0.497265 0.000108196
283 0.498356 0.43595 0.000186934
284 0.491913 0.435984 0.000188891
285 0.48546 0.436668 0.000190861
286 0.479064 0.438003 0.000192845
287 0.47279 0.439985 0.000194843
288 0.466704 0.442603 0.000196855
289 0.46087 0.44584 0.000198881
290 0.455351 0.449671 0.000200921
291 0.450208 0.454064 0.000202974
292 0.445498 0.458984 0.000205042
293 0.441275 0.464388 0.000207124
294 0.437589 0.470226 0.00020922
295 0.434485 0.476446 0.00021133
296 0.432003 0.48299 0.000213455
297 0.430175 0.489794 0.000215593
298 0.429029 0.496795 0.000217746
346 0.495933 0.404314 0.000338911
347 0.486322 0.404649 0.000341826
348 0.476737 0.405951 0.000344758
349 0.467277 0.408218 0.000347707
350 0.458038 0.411438 0.000350672
351 0.449117 0.41559 0.000353655
352 0.440607 0.420641 0.000356654
353 0.4326 0.426551 0.00035967
354 0.425182 0.43327 0.000362704
355 0.418435 0.44074 0.000365754
356 0.412435 0.448892 0.000368822
357 0.407251 0.457652 0.000371907
358 0.402945 0.466939 0.000375009
359 0.399571 0.476664 0.000378128
360 0.397172 0.486733 0.000381265
361 0.395785 0.497048 0.000384419
409 0.492069 0.36641 0.000557211
410 0.478668 0.367223 0.000561277
411 0.465351 0.369381 0.000565362
412 0.452252 0.372876 0.000569467
413 0.439507 0.377686 0.000573591
414 0.427247 0.383776 0.000577736
415 0.415601 0.391095 0.000581901
416 0.404693 0.399583 0.000586086
417 0.39464 0.409164 0.00059029
418 0.385551 0.419753 0.000594515
419 0.377527 0.431252 0.000598761
420 0.37066 0.443554 0.000603026
421 0.365031 0.456542 0.000607312
422 0.360707 0.470092 0.000611618
423 0.357746 0.484072 0.000615944
424 0.356189 0.498346 0.000620291
476 0.416924 0.338898 0.000875678
477 0.40084 0.347358 0.000881176
478 0.385618 0.357424 0.000886698
479 0.37142 0.369009 0.000892243
480 0.358395 0.382009 0.000897811
481 0.346686 0.396304 0.000903402
482 0.336422 0.411762 0.000909017
16 0.500205 0.499994 2.89586e-07
17 0.500229 0.49997 3.11474e-07
18 0.500252 0.499941 3.34466e-07
19 0.500273 0.499907 3.60721e-07
20 0.500291 0.499867 3.83016e-07
21 0.500305 0.499822 4.08996e-07
22 0.500313 0.499772 4.35797e-07
23 0.500316 0.499718 4.63688e-07
24 0.500311 0.49966 4.92923e-07
25 0.500299 0.499599 5.23294e-07
26 0.500279 0.499537 5.54654e-07
27 0.500249 0.499473 5.87449e-07
28 0.50021 0.499409 6.21724e-07
29 0.500161 0.499347 6.57266e-07
30 0.500102 0.499287 6.94e-07
31 0.500032 0.499232 7.32294e-07
79 0.504988 0.49977 5.22351e-06
80 0.505066 0.499255 5.39208e-06
81 0.505091 0.498722 5.56455e-06
82 0.50506 0.498176 5.74094e-06
83 0.504972 0.497623 5.92128e-06
84 0.504824 0.497069 6.10562e-06
85 0.504615 0.49652 6.29401e-06
86 0.504345 0.495984 6.48639e-06
87 0.504014 0.495467 6.68292e-06
88 0.503624 0.494975 6.88364e-06
89 0.503175 0.494516 7.0886e-06
90 0.502671 0.494096 7.29784e-06
91 0.502114 0.493722 7.51145e-06
92 0.501509 0.493399 7.7295e-06
93 0.500861 0.493135 7.95198e-06
94 0.500175 0.492933 8.17895e-06
142 0.516099 0.498987 2.53045e-05
143 0.516143 0.497348 2.58107e-05
144 0.516019 0.49569 2.63238e-05
145 0.515725 0.49403 2.68439e-05
146 0.515259 0.492386 2.73709e-05
147 0.514621 0.490776 2.79051e-05
148 0.513813 0.489217 2.84464e-05
149 0.512839 0.487728 2.89948e-05
150 0.511705 0.486326 2.95504e-05
151 0.510419 0.485028 3.01132e-05
152 0.50899 0.483851 3.06834e-05
153 0.50743 0.48281 3.12608e-05
154 0.505751 0.48192 3.18457e-05
155 0.503968 0.481194 3.2438e-05
156 0.502098 0.480645 3.30378e-05
157 0.500157 0.480281 3.36451e-05
205 0.533513 0.497325 7.26025e-05
206 0.533402 0.493934 7.36382e-05
207 0.532948 0.490538 7.46838e-05
208 0.532147 0.487173 7.57394e-05
209 0.531002 0.483874 7.6805e-05
210 0.529517 0.480676 7.78807e-05
211 0.527703 0.477614 7.89666e-05
212 0.52557 0.474722 8.00627e-05
213 0.523135 0.472034 8.1169e-05
214 0.520418 0.46958 8.22856e-05
215 0.517441 0.467391 8.34125e-05
216 0.51423 0.465494 8.45498e-05
217 0.510814 0.463914 8.56976e-05
218 0.507223 0.462673 8.68558e-05
219 0.503492 0.46179 8.80246e-05
268 0.557192 0.494466 0.000159197
269 0.556775 0.4887 0.000160953
270 0.555776 0.482962 0.000162723
271 0.554196 0.477312 0.000164506
272 0.552042 0.471808 0.000166302
273 0.549328 0.466508 0.000168111
274 0.546074 0.461471 0.000169933
275 0.542304 0.456749 0.000171768
276 0.53805 0.452398 0.000173617
277 0.533348 0.448465 0.000175479
278 0.528239 0.444999 0.000177354
279 0.52277 0.44204 0.000179243
280 0.516991 0.439625 0.000181146
281 0.510957 0.437789 0.000183061
282 0.504725 0.436556 0.000184991
330 0.587112 0.498843 0.000294509
331 0.587087 0.490093 0.000297162
332 0.586181 0.481336 0.000299832
333 0.584394 0.472661 0.000302517
334 0.581731 0.464158 0.000305219
335 0.578211 0.455915 0.000307937
336 0.573858 0.448018 0.000310671
337 0.568707 0.440552 0.000313421
338 0.5628 0.433597 0.000316187
339 0.556188 0.427231 0.00031897
340 0.54893 0.421524 0.000321769
341 0.541091 0.416543 0.000324585
342 0.532745 0.412346 0.000327417
343 0.52397 0.408984 0.000330266
344 0.514851 0.406503 0.000333131
345 0.505474 0.404937 0.000336012
393 0.623503 0.496282 0.000494821
394 0.623139 0.48389 0.000498576
395 0.62153 0.471533 0.00050235
396 0.61868 0.459337 0.000506143
397 0.614604 0.447427 0.000509955
398 0.609332 0.435927 0.000513787
399 0.602904 0.424957 0.000517637
400 0.595374 0.414632 0.000521507
401 0.586808 0.405064 0.000525396
402 0.57728 0.396357 0.000529305
403 0.566879 0.388607 0.000533233
404 0.555699 0.381903 0.00053718
405 0.543847 0.376323 0.000541147
406 0.531436 0.371933 0.000545134
407 0.518585 0.36879 0.00054914
408 0.505419 0.366939 0.000553166
456 0.666166 0.4922 0.000770467
457 0.66528 0.475543 0.000775515
458 0.662722 0.458986 0.000780585
459 0.658504 0.442696 0.000785677
460 0.652655 0.426841 0.000790792
461 0.645218 0.411583 0.000795928
462 0.636254 0.397082 0.000801087
463 0.625842 0.383491 0.000806269
464 0.614073 0.370954 0.000811472
465 0.601054 0.359607 0.000816698
466 0.586906 0.349575 0.000821947
467 0.571762 0.34097 0.000827218
468 0.555765 0.333891 0.000832511
526 0.659867 0.346918 0.00117978
519 0.715051 0.486278 0.00113352
520 0.713427 0.464742 0.00114006
521 0.709645 0.443394 0.00114661
522 0.703726 0.42245 0.0011532
523 0.695714 0.402125 0.0011598
524 0.685673 0.382627 0.00116644
525 0.673689 0.36416 0.0011731
582 0.770101 0.4782 0.00159607
583 0.767492 0.451176 0.00160428
584 0.762179 0.424457 0.00161251
585 0.754195 0.398313 0.00162078
586 0.743604 0.373011 0.00162907
587 0.730494 0.348811 0.0016374
645 0.831244 0.467651 0.00217017
646 0.827373 0.434541 0.00218025
647 0.820191 0.401882 0.00219036
648 0.809751 0.370006 0.0022005
649 0.796138 0.339236 0.00221067
707 0.899839 0.494336 0.00285582
708 0.898401 0.454318 0.00286793
709 0.892957 0.414531 0.00288006
710 0.883541 0.375377 0.00289224
711 0.870224 0.337252 0.00290444
770 0.974092 0.485308 0.00295721
771 0.971479 0.43789 0.0031072
772 0.964125 0.390848 0.003525
773 0.952078 0.344657 0.00424859
676 0.134987 0.520373 0.00249731
677 0.137776 0.55688 0.00250838
678 0.144215 0.593032 0.00251948
679 0.154262 0.628465 0.00253061
739 0.0642532 0.531679 0.00451254
740 0.0684271 0.575226 0.00430006
741 0.0769522 0.618254 0.00332075
742 0.0897664 0.66033 0.00330011
804 0.00437016 0.647572 0.00297895
487 0.310267 0.501008 0.000937439
488 0.31054 0.520027 0.000943194
489 0.312721 0.539001 0.000948972
490 0.316803 0.557738 0.000954774
491 0.322761 0.576048 0.0009606
492 0.330551 0.593743 0.000966449
550 0.258059 0.505355 0.00134794
551 0.258928 0.529589 0.00135527
552 0.262226 0.553703 0.00136263
553 0.267937 0.577452 0.00137002
554 0.27602 0.600596 0.00137744
555 0.286413 0.622896 0.00138488
556 0.299027 0.644123 0.00139234
557 0.313751 0.664056 0.00139984
613 0.199613 0.511704 0.00186387
614 0.20131 0.54177 0.00187298
615 0.206017 0.571613 0.00188211
616 0.213706 0.600932 0.00189127
617 0.22432 0.629429 0.00190047
618 0.237771 0.656812 0.00190969
680 0.167839 0.662818 0.00254178
48 0.498164 0.500161 1.65306e-06
49 0.498113 0.500358 1.72585e-06
50 0.498082 0.500567 1.80077e-06
51 0.498074 0.500786 1.87813e-06
52 0.498089 0.501013 1.95797e-06
53 0.49813 0.501246 2.04034e-06
54 0.498197 0.501481 2.1253e-06
55 0.498293 0.501715 2.21289e-06
56 0.498416 0.501946 2.30315e-06
57 0.498569 0.50217 2.39615e-06
58 0.49875 0.502383 2.49192e-06
59 0.498959 0.502583 2.59051e-06
60 0.499195 0.502765 2.69199e-06
61 0.499458 0.502927 2.79637e-06
62 0.499744 0.503065 2.90369e-06
110 0.49032 0.500043 1.24609e-05
111 0.490197 0.501027 1.27716e-05
112 0.490174 0.502037 1.30878e-05
113 0.490255 0.503062 1.34093e-05
114 0.490442 0.504091 1.37363e-05
115 0.490738 0.505113 1.40688e-05
116 0.491142 0.506118 1.44068e-05
117 0.491655 0.507092 1.47505e-05
118 0.492275 0.508025 1.50998e-05
119 0.492997 0.508905 1.54547e-05
120 0.493819 0.509721 1.58155e-05
121 0.494733 0.510462 1.6182e-05
122 0.495734 0.511117 1.65544e-05
123 0.496814 0.511676 1.69327e-05
124 0.497963 0.512131 1.73169e-05
125 0.499171 0.512472 1.77072e-05
173 0.476062 0.500509 4.44264e-05
174 0.475957 0.502929 4.51691e-05
175 0.476097 0.505376 4.59203e-05
176 0.476487 0.507824 4.668e-05
177 0.477128 0.510248 4.74481e-05
178 0.478019 0.512622 4.82248e-05
179 0.479157 0.514919 4.90101e-05
180 0.480534 0.517115 4.9804e-05
181 0.482144 0.519185 5.06066e-05
182 0.483972 0.521103 5.1418e-05
183 0.486007 0.522846 5.22381e-05
184 0.48823 0.524394 5.30671e-05
185 0.490623 0.525724 5.3905e-05
186 0.493165 0.526819 5.47518e-05
187 0.495832 0.527663 5.56075e-05
188 0.498599 0.52824 5.64724e-05
236 0.455475 0.501695 0.000109551
237 0.455492 0.506184 0.000110918
238 0.455963 0.510686 0.000112296
239 0.45689 0.515155 0.000113685
240 0.458271 0.519546 0.000115086
241 0.4601 0.523812 0.000116499
242 0.462367 0.527906 0.000117923
243 0.465053 0.531785 0.000119359
244 0.468141 0.535405 0.000120806
245 0.471603 0.538724 0.000122266
246 0.475411 0.541704 0.000123737
247 0.479532 0.544308 0.00012522
248 0.483929 0.546504 0.000126715
249 0.48856 0.548263 0.000128222
250 0.493382 0.54956 0.000129742
251 0.49835 0.550374 0.000131273
299 0.428587 0.503922 0.000219914
300 0.428862 0.511106 0.000222096
301 0.429861 0.518274 0.000224292
302 0.431583 0.525352 0.000226503
303 0.434021 0.532269 0.000228729
304 0.437159 0.53895 0.000230969
305 0.440975 0.545326 0.000233224
306 0.445439 0.551327 0.000235494
307 0.450514 0.556888 0.000237778
308 0.456157 0.561945 0.000240077
309 0.462316 0.566442 0.000242391
310 0.468938 0.570325 0.00024472
311 0.475959 0.573547 0.000247064
312 0.483315 0.576067 0.000249423
313 0.490935 0.577849 0.000251797
314 0.498744 0.578867 0.000254186
362 0.395434 0.507509 0.000387591
363 0.396135 0.518009 0.00039078
364 0.397891 0.528445 0.000393987
365 0.400698 0.538708 0.000397211
366 0.404537 0.548694 0.000400453
367 0.409382 0.558299 0.000403712
368 0.415195 0.56742 0.000406989
369 0.421927 0.575961 0.000410284
370 0.42952 0.583828 0.000413597
371 0.437906 0.590935 0.000416928
372 0.44701 0.597202 0.000420276
373 0.456748 0.602555 0.000423643
374 0.467026 0.606932 0.000427027
375 0.477748 0.610277 0.00043043
376 0.488809 0.612546 0.000433851
425 0.356066 0.512771 0.000624659
426 0.357391 0.527205 0.000629046
427 0.360165 0.5415 0.000633455
428 0.364374 0.555512 0.000637884
429 0.369988 0.569097 0.000642334
430 0.376964 0.582112 0.000646804
431 0.385244 0.594423 0.000651295
432 0.394757 0.605897 0.000655807
433 0.405419 0.616412 0.00066034
434 0.417132 0.625852 0.000664894
435 0.429788 0.634112 0.000669469
436 0.443267 0.641098 0.000674065
437 0.457443 0.646728 0.000678681
438 0.472177 0.650932 0.000683319
439 0.487326 0.653655 0.000687978
493 0.340108 0.61064 0.000972322
494 0.351351 0.626562 0.000978219
495 0.364181 0.64134 0.00098414
496 0.37848 0.654817 0.000990085
0 0.5 0.5 3.04771e-07
1 0.5 0.500001 5.20281e-08
2 0.500001 0.500003 6.60402e-08
3 0.500002 0.500007 7.74178e-08
4 0.500005 0.500012 8.97336e-08
5 0.50001 0.500018 1.03503e-07
6 0.500016 0.500024 1.18763e-07
7 0.500025 0.50003 1.31243e-07
8 0.500037 0.500036 1.44998e-07
9 0.500051 0.50004 1.58455e-07
10 0.500067 0.500043 1.78149e-07
11 0.500086 0.500044 1.9597e-07
12 0.500107 0.500042 2.09932e-07
13 0.50013 0.500036 2.28566e-07
14 0.500155 0.500027 2.48118e-07
15 0.50018 0.500013 2.68339e-07
63 0.500053 0.503175 3.01382e-06
64 0.500382 0.503254 3.12697e-06
65 0.500727 0.503301 3.24321e-06
66 0.501086 0.503311 3.36262e-06
67 0.501454 0.503284 3.48523e-06
68 0.501828 0.503216 3.61106e-06
69 0.502203 0.503107 3.74022e-06
70 0.502575 0.502955 3.87271e-06
71 0.50294 0.502761 4.00858e-06
72 0.503291 0.502523 4.1479e-06
73 0.503626 0.502243 4.29072e-06
74 0.503937 0.501921 4.43706e-06
75 0.504221 0.50156 4.58697e-06
76 0.504473 0.501161 4.74054e-06
77 0.504687 0.500727 4.8978e-06
78 0.50486 0.500263 5.05878e-06
126 0.500427 0.512694 1.81035e-05
127 0.501719 0.512788 1.85058e-05
128 0.503034 0.512751 1.89144e-05
129 0.50436 0.512579 1.9329e-05
130 0.505681 0.512269 1.975e-05
131 0.506983 0.51182 2.01772e-05
132 0.508253 0.511233 2.06107e-05
133 0.509475 0.510511 2.10506e-05
134 0.510635 0.509656 2.14969e-05
135 0.511719 0.508674 2.19497e-05
136 0.512713 0.507572 2.2409e-05
137 0.513603 0.506357 2.28749e-05
138 0.514377 0.50504 2.33474e-05
139 0.515024 0.503632 2.38266e-05
140 0.515533 0.502144 2.43125e-05
141 0.515894 0.500591 2.48051e-05
189 0.501441 0.52854 5.73462e-05
190 0.504328 0.528554 5.82293e-05
191 0.507233 0.528274 5.91215e-05
192 0.510125 0.527699 6.00229e-05
193 0.512974 0.526827 6.09335e-05
194 0.515749 0.525661 6.18536e-05
195 0.518421 0.524209 6.27829e-05
196 0.520959 0.522478 6.37217e-05
197 0.523334 0.52048 6.467e-05
198 0.525519 0.518232 6.56277e-05
199 0.527488 0.515751 6.6595e-05
200 0.529214 0.513059 6.7572e-05
201 0.530676 0.510178 6.85586e-05
202 0.531854 0.507135 6.95548e-05
203 0.532729 0.503958 7.05609e-05
204 0.533286 0.500678 7.15768e-05
252 0.503414 0.550688 0.000132816
253 0.508525 0.550493 0.000134371
254 0.51363 0.54978 0.000135939
255 0.518678 0.548551 0.000137519
256 0.523616 0.546809 0.000139111
257 0.528392 0.544563 0.000140716
258 0.532954 0.54183 0.000142333
259 0.537252 0.538629 0.000143962
260 0.541239 0.534985 0.000145604
261 0.544869 0.53093 0.000147259
262 0.548099 0.526498 0.000148926
263 0.550891 0.521729 0.000150606
264 0.553208 0.516666 0.000152299
265 0.55502 0.511356 0.000154004
266 0.556302 0.50585 0.000155722
267 0.557031 0.500202 0.000157453
315 0.506666 0.5791 0.000256591
316 0.514622 0.578535 0.00025901
317 0.522531 0.577169 0.000261445
318 0.530313 0.575005 0.000263895
319 0.537887 0.572055 0.000266361
320 0.545173 0.56834 0.000268842
321 0.552094 0.563886 0.000271338
322 0.558575 0.55873 0.00027385
323 0.564544 0.552916 0.000276377
324 0.569936 0.546495 0.00027892
325 0.574687 0.539523 0.000281479
326 0.578742 0.532066 0.000284053
327 0.582051 0.524193 0.000286643
328 0.584571 0.515977 0.000289249
329 0.586267 0.5075 0.000291871
377 0.500101 0.613703 0.00043729
378 0.511513 0.613726 0.000440747
379 0.52293 0.612602 0.000444222
380 0.534236 0.61033 0.000447716
381 0.545318 0.606922 0.000451228
382 0.556059 0.602399 0.000454758
383 0.566347 0.596795 0.000458307
384 0.576075 0.590157 0.000461874
385 0.585137 0.58254 0.00046546
386 0.593436 0.574011 0.000469065
387 0.600878 0.564647 0.000472688
388 0.607381 0.554534 0.00047633
389 0.612869 0.543766 0.00047999
390 0.617275 0.532445 0.00048367
391 0.620544 0.520681 0.000487368
392 0.622631 0.508587 0.000491085
440 0.502742 0.654856 0.000692659
441 0.518271 0.654508 0.00069736
442 0.533757 0.652602 0.000702083
443 0.549044 0.649142 0.000706827
444 0.563976 0.64415 0.000711593
445 0.5784 0.63766 0.00071638
446 0.592164 0.629727 0.000721189
447 0.605124 0.620416 0.000726019
448 0.617143 0.609809 0.00073087
449 0.62809 0.598002 0.000735744
450 0.637846 0.585102 0.000740639
451 0.646302 0.571231 0.000745555
452 0.65336 0.556519 0.000750494
453 0.658937 0.541107 0.000755454
454 0.662964 0.525146 0.000760436
455 0.665387 0.508789 0.00076544
510 0.639461 0.654427 0.00107585
511 0.654787 0.640282 0.00108216
512 0.668677 0.624614 0.00108849
513 0.680979 0.607571 0.00109485
514 0.691559 0.589313 0.00110123
515 0.700296 0.570014 0.00110764
516 0.707087 0.549862 0.00111407
517 0.711849 0.529051 0.00112053
518 0.714518 0.507786 0.00112701
575 0.715353 0.653568 0.00153938
576 0.730408 0.631759 0.0015474
577 0.743253 0.608474 0.00155544
578 0.753745 0.583937 0.00156351
579 0.76176 0.558387 0.00157161
580 0.767202 0.532074 0.00157973
581 0.769998 0.505256 0.00158788
639 0.786252 0.657367 0.00211036
640 0.801474 0.628404 0.00212025
641 0.813765 0.597971 0.00213017
642 0.822984 0.566363 0.00214013
643 0.829018 0.533893 0.00215011
644 0.831788 0.500879 0.00216013
703 0.866302 0.64879 0.00280775
704 0.880406 0.611794 0.00281972
705 0.890774 0.573467 0.00283172
706 0.897281 0.534184 0.00284375
767 0.953703 0.625088 0.00407285
768 0.965135 0.579374 0.00342285
769 0.971962 0.532627 0.00306038
743 0.106764 0.701025 0.00331344
744 0.127798 0.739923 0.0033268
745 0.152678 0.776625 0.0033402
805 0.020388 0.696803 0.00310413
806 0.0412941 0.744307 0.0044028
807 0.0669031 0.789598 0.00429104
808 0.0969814 0.832211 0.00425902
558 0.330453 0.682483 0.00140736
619 0.253941 0.682798 0.00191895
620 0.272687 0.707117 0.00192823
621 0.293837 0.729514 0.00193754
622 0.317192 0.749752 0.00194689
681 0.184828 0.69574 0.00255298
682 0.205079 0.726891 0.00256421
683 0.228409 0.75595 0.00257547
684 0.254602 0.782611 0.00258677
685 0.28341 0.806592 0.0025981
686 0.314559 0.827638 0.00260946
746 0.181175 0.81075 0.00335364
497 0.394117 0.666846 0.000996053
498 0.410946 0.677294 0.00100205
499 0.428806 0.686044 0.00100806
500 0.447525 0.692993 0.0010141
501 0.466922 0.698058 0.00102017
502 0.486808 0.701171 0.00102626
559 0.348978 0.69921 0.00141491
560 0.369153 0.714056 0.00142248
561 0.390788 0.726857 0.00143008
562 0.413675 0.737471 0.00143771
563 0.437592 0.745776 0.00144537
564 0.462307 0.75167 0.00145305
565 0.487576 0.755078 0.00146077
623 0.342534 0.767613 0.00195626
624 0.36962 0.782902 0.00196566
625 0.398189 0.79545 0.0019751
626 0.427963 0.805112 0.00198456
627 0.458652 0.811773 0.00199405
628 0.489952 0.815347 0.00200358
503 0.506985 0.702287 0.00103237
504 0.527253 0.701377 0.00103851
505 0.547409 0.698435 0.00104467
506 0.567248 0.693475 0.00105086
507 0.586569 0.68653 0.00105707
508 0.605172 0.677654 0.0010633
509 0.622864 0.666922 0.00106956
566 0.51315 0.755947 0.0014685
567 0.538773 0.754252 0.00147627
568 0.564188 0.74999 0.00148406
569 0.589138 0.743187 0.00149188
570 0.613368 0.733893 0.00149973
571 0.63663 0.722185 0.00150761
572 0.658683 0.708161 0.00151551
629 0.521553 0.815778 0.00201313
630 0.553139 0.813042 0.00202272
631 0.584393 0.807146 0.00203233
632 0.614998 0.798129 0.00204198
633 0.644643 0.786062 0.00205166
573 0.679297 0.691949 0.00152344
574 0.698255 0.673695 0.0015314
634 0.673025 0.771047 0.00206136
635 0.699849 0.753216 0.0020711
636 0.724836 0.732731 0.00208087
637 0.747724 0.70978 0.00209067
638 0.76827 0.684579 0.0021005
697 0.714598 0.824028 0.00273666
698 0.746581 0.80185 0.00274842
699 0.776274 0.776515 0.00276022
700 0.803365 0.748261 0.00277205
701 0.827568 0.717355 0.00278392
702 0.848624 0.684091 0.00279582
762 0.833797 0.823038 0.00357357
763 0.865337 0.788857 0.00358762
764 0.893378 0.751599 0.00360171
765 0.917622 0.711623 0.00361584
766 0.937805 0.669315 0.00416976
826 0.93379 0.831281 0.00532109
827 0.965821 0.787013 0.00444278
828 0.993338 0.739653 0.00304009
809 0.131249 0.871704 0.00427482
870 0.00237286 0.844995 0.0029404
871 0.0382413 0.893855 0.00562945
872 0.0789028 0.938993 0.00765389
873 0.123972 0.979938 0.00477341
747 0.213024 0.841941 0.00336711
748 0.247921 0.869871 0.00338062
749 0.285533 0.894241 0.00339417
750 0.325498 0.914788 0.00340775
810 0.169384 0.907667 0.00429066
811 0.211023 0.939721 0.00492978
812 0.255764 0.967524 0.00403507
813 0.303175 0.990778 0.00326976
687 0.347752 0.845519 0.00262086
688 0.382666 0.860039 0.00263229
689 0.418961 0.87103 0.00264375
690 0.456281 0.878363 0.00265525
691 0.494256 0.881942 0.00266678
751 0.367427 0.931285 0.00395496
752 0.410909 0.943544 0.0043666
753 0.455517 0.951421 0.00392449
692 0.532509 0.881709 0.00267834
693 0.570658 0.877646 0.00268994
694 0.608318 0.86977 0.00270157
695 0.64511 0.858139 0.00271323
754 0.500808 0.954812 0.00374772
755 0.546332 0.95366 0.00382379
756 0.591633 0.947953 0.00416104
757 0.636256 0.937722 0.00443
696 0.680658 0.842847 0.00272493
758 0.679748 0.923048 0.00355484
759 0.721668 0.904054 0.00353162
760 0.761587 0.880907 0.00354556
761 0.799093 0.853818 0.00355955
821 0.719184 0.992677 0.00319742
822 0.767926 0.969475 0.00402039
823 0.81422 0.941454 0.00557594
824 0.857589 0.908871 0.00456858
825 0.897585 0.87203 0.00453299
887 0.922267 0.966748 0.00675664
888 0.967808 0.923213 0.00659547
